<?xml version="1.0" encoding="UTF-8"?>
<!-- Generated by org.testng.reporters.JUnitReportReporter -->
<testsuite hostname="DESKTOP-77JTSPM" failures="0" tests="2" name="MODULES.education" time="57.662" errors="0" timestamp="2024-06-16T21:01:11 IST" skipped="0">
  <testcase classname="MODULES.education" name="eduLogin" time="27.535"/>
  <system-out/>
  <testcase classname="MODULES.education" name="eduSignup" time="30.127"/>
  <system-out/>
</testsuite> <!-- MODULES.education -->
