<?xml version="1.0" encoding="UTF-8"?>
<!-- Generated by org.testng.reporters.JUnitReportReporter -->
<testsuite hostname="DESKTOP-77JTSPM" failures="0" tests="1" name="MODULES.streams" time="30.355" errors="0" timestamp="2024-06-11T11:42:36 IST" skipped="0">
  <testcase classname="MODULES.streams" name="tropi" time="30.355"/>
  <system-out/>
</testsuite> <!-- MODULES.streams -->
