<?xml version="1.0" encoding="UTF-8"?>
<!-- Generated by org.testng.reporters.JUnitReportReporter -->
<testsuite hostname="DESKTOP-77JTSPM" failures="0" tests="2" name="MODULES.eating" time="50.038" errors="0" timestamp="2024-06-16T21:01:11 IST" skipped="0">
  <testcase classname="MODULES.eating" name="tropiOrders" time="26.918"/>
  <system-out/>
  <testcase classname="MODULES.eating" name="tropiDashboard" time="23.120"/>
  <system-out/>
</testsuite> <!-- MODULES.eating -->
